2014-11-23 17:00:33,642 INFO: winteriscoming RESTful webservices startup [in /home/unknown/Desktop/microblog/app/__init__.py:20]
2014-11-23 17:00:57,179 INFO: winteriscoming RESTful webservices startup [in /home/unknown/Desktop/microblog/app/__init__.py:20]
2014-11-23 17:00:57,440 INFO: winteriscoming RESTful webservices startup [in /home/unknown/Desktop/microblog/app/__init__.py:20]
2014-12-30 21:48:22,296 INFO: winteriscoming RESTful webservices startup [in /home/unknown/Desktop/winteriscoming/RestfulServices/app/__init__.py:20]
2014-12-30 21:48:22,306 INFO: GET, OPTIONS, POST [in /home/unknown/Desktop/winteriscoming/RestfulServices/app/controllers.py:27]
2014-12-30 21:48:22,306 INFO: GET, OPTIONS, POST [in /home/unknown/Desktop/winteriscoming/RestfulServices/app/controllers.py:27]
2014-12-30 21:48:22,306 INFO: OPTIONS, POST [in /home/unknown/Desktop/winteriscoming/RestfulServices/app/controllers.py:27]
2014-12-30 21:48:22,306 INFO: OPTIONS, POST [in /home/unknown/Desktop/winteriscoming/RestfulServices/app/controllers.py:27]
2014-12-30 21:48:22,307 INFO: OPTIONS, POST [in /home/unknown/Desktop/winteriscoming/RestfulServices/app/controllers.py:27]
2014-12-30 21:48:22,307 INFO: DELETE, GET, OPTIONS, POST [in /home/unknown/Desktop/winteriscoming/RestfulServices/app/controllers.py:27]
2014-12-30 21:48:22,307 INFO: DELETE, GET, OPTIONS, POST [in /home/unknown/Desktop/winteriscoming/RestfulServices/app/controllers.py:27]
2014-12-30 21:48:22,308 INFO: GET, OPTIONS [in /home/unknown/Desktop/winteriscoming/RestfulServices/app/controllers.py:27]
2014-12-30 21:48:22,308 INFO: GET, OPTIONS [in /home/unknown/Desktop/winteriscoming/RestfulServices/app/controllers.py:27]
2014-12-30 21:48:25,507 INFO: winteriscoming RESTful webservices startup [in /home/unknown/Desktop/winteriscoming/RestfulServices/app/__init__.py:20]
2014-12-30 21:48:25,514 INFO: GET, OPTIONS, POST [in /home/unknown/Desktop/winteriscoming/RestfulServices/app/controllers.py:27]
2014-12-30 21:48:25,515 INFO: GET, OPTIONS, POST [in /home/unknown/Desktop/winteriscoming/RestfulServices/app/controllers.py:27]
2014-12-30 21:48:25,515 INFO: OPTIONS, POST [in /home/unknown/Desktop/winteriscoming/RestfulServices/app/controllers.py:27]
2014-12-30 21:48:25,515 INFO: OPTIONS, POST [in /home/unknown/Desktop/winteriscoming/RestfulServices/app/controllers.py:27]
2014-12-30 21:48:25,515 INFO: OPTIONS, POST [in /home/unknown/Desktop/winteriscoming/RestfulServices/app/controllers.py:27]
2014-12-30 21:48:25,516 INFO: DELETE, GET, OPTIONS, POST [in /home/unknown/Desktop/winteriscoming/RestfulServices/app/controllers.py:27]
2014-12-30 21:48:25,516 INFO: DELETE, GET, OPTIONS, POST [in /home/unknown/Desktop/winteriscoming/RestfulServices/app/controllers.py:27]
2014-12-30 21:48:25,516 INFO: GET, OPTIONS [in /home/unknown/Desktop/winteriscoming/RestfulServices/app/controllers.py:27]
2014-12-30 21:48:25,516 INFO: GET, OPTIONS [in /home/unknown/Desktop/winteriscoming/RestfulServices/app/controllers.py:27]
